<?xml version="1.0" encoding="UTF-8"?>
<testng-results ignored="0" total="1" passed="1" failed="0" skipped="0">
  <reporter-output>
  </reporter-output>
  <suite started-at="2023-01-18T13:21:55 IST" name="Default suite" finished-at="2023-01-18T13:22:10 IST" duration-ms="14790">
    <groups>
      <group name="cucumber">
        <method signature="AbstractTestNGCucumberTests.runScenario(io.cucumber.testng.PickleWrapper,io.cucumber.testng.FeatureWrapper)[pri:0, instance:packageTestRunner.CucumberRunner@268f106e]" name="runScenario" class="io.cucumber.testng.AbstractTestNGCucumberTests"/>
      </group> <!-- cucumber -->
    </groups>
    <test started-at="2023-01-18T13:21:55 IST" name="Default test" finished-at="2023-01-18T13:22:10 IST" duration-ms="14790">
      <class name="packageTestRunner.CucumberRunner">
        <test-method is-config="true" signature="setUpClass(org.testng.ITestContext)[pri:0, instance:packageTestRunner.CucumberRunner@268f106e]" started-at="2023-01-18T13:21:55 IST" name="setUpClass" finished-at="2023-01-18T13:21:56 IST" duration-ms="768" status="PASS">
          <params>
            <param index="0">
              <value>
                <![CDATA[org.testng.TestRunner@3fcee3d9]]>
              </value>
            </param>
          </params>
          <reporter-output>
          </reporter-output>
        </test-method> <!-- setUpClass -->
        <test-method signature="runScenario(io.cucumber.testng.PickleWrapper,io.cucumber.testng.FeatureWrapper)[pri:0, instance:packageTestRunner.CucumberRunner@268f106e]" started-at="2023-01-18T13:21:56 IST" name="runScenario" description="Runs Cucumber Scenarios" data-provider="scenarios" finished-at="2023-01-18T13:22:10 IST" duration-ms="13779" status="PASS">
          <params>
            <param index="0">
              <value>
                <![CDATA["Search for Hotel"]]>
              </value>
            </param>
            <param index="1">
              <value>
                <![CDATA["Title of your feature"]]>
              </value>
            </param>
          </params>
          <reporter-output>
          </reporter-output>
        </test-method> <!-- runScenario -->
        <test-method is-config="true" signature="tearDownClass()[pri:0, instance:packageTestRunner.CucumberRunner@268f106e]" started-at="2023-01-18T13:22:10 IST" name="tearDownClass" finished-at="2023-01-18T13:22:10 IST" duration-ms="190" status="PASS">
          <reporter-output>
          </reporter-output>
        </test-method> <!-- tearDownClass -->
      </class> <!-- packageTestRunner.CucumberRunner -->
    </test> <!-- Default test -->
  </suite> <!-- Default suite -->
</testng-results>
